Arguments: 
  C:\Program Files\nodejs\node.exe C:\Program Files (x86)\Yarn\bin\yarn.js add inquierer

PATH: 
  C:\Program Files\Git\mingw64\bin;C:\Program Files\Git\usr\bin;C:\Users\JASAN\bin;C:\Users\JASAN\AppData\Local\Programs\Python\Python37\Scripts;C:\Users\JASAN\AppData\Local\Programs\Python\Python37;C:\Python37\Scripts;C:\Python37;C:\ProgramData\Oracle\Java\javapath;C:\WINDOWS\system32;C:\WINDOWS;C:\WINDOWS\System32\Wbem;C:\WINDOWS\System32\WindowsPowerShell\v1.0;C:\Program Files\Git\cmd;C:\Users\JASAN\AppData\Roaming\nvm;C:\Program Files\nodejs;C:\Program Files\Redis;C:\WINDOWS\System32\OpenSSH;C:\Program Files\Microsoft VS Code\bin;C:\xampp\php;C:\ProgramData\chocolatey\bin;C:\Program Files\nodejs;C:\Program Files (x86)\Yarn\bin;C:\Users\JASAN\Anaconda3;C:\Users\JASAN\Anaconda3\Library\mingw-w64\bin;C:\Users\JASAN\Anaconda3\Library\usr\bin;C:\Users\JASAN\Anaconda3\Library\bin;C:\Users\JASAN\Anaconda3\Scripts;C:\Users\JASAN\AppData\Roaming\Composer\vendor\bin;C:\Program Files\heroku\bin;C:\Users\JASAN\AppData\Local\Programs\MiKTeX 2.9\miktex\bin\x64;C:\Users\JASAN\AppData\Local\Android\Sdk\platform-tools;C:\Users\JASAN\AppData\Local\atom\bin;C:\Users\JASAN\AppData\Local\hyper\app-3.0.2\resources\bin;C:\Program Files\MongoDB\Server\4.2\bin;C:\Python3;C:\Python3\Scripts;C:\Python27;C:\Python27\Scripts;C:\Program Files\JetBrains\IntelliJ IDEA 2020.1\bin;C:\Program Files\JetBrains\PyCharm Community Edition 2020.1.2\bin;C:\Users\JASAN\AppData\Local\Microsoft\WindowsApps;C:\src\flutter\bin;C:\Program Files\Java\jdk1.8.0_261\bin;C:\Users\JASAN\AppData\Roaming\npm;C:\w64devkit\bin

Yarn version: 
  1.22.5

Node version: 
  14.15.5

Platform: 
  win32 x64

Trace: 
  Error: https://registry.yarnpkg.com/inquierer: Not found
      at Request.params.callback [as _callback] (C:\Program Files (x86)\Yarn\lib\cli.js:66097:18)
      at Request.self.callback (C:\Program Files (x86)\Yarn\lib\cli.js:140749:22)
      at Request.emit (events.js:315:20)
      at Request.<anonymous> (C:\Program Files (x86)\Yarn\lib\cli.js:141721:10)
      at Request.emit (events.js:315:20)
      at IncomingMessage.<anonymous> (C:\Program Files (x86)\Yarn\lib\cli.js:141643:12)
      at Object.onceWrapper (events.js:421:28)
      at IncomingMessage.emit (events.js:327:22)
      at endReadableNT (internal/streams/readable.js:1327:12)
      at processTicksAndRejections (internal/process/task_queues.js:80:21)

npm manifest: 
  {
    "name": "to-do",
    "version": "1.0.0",
    "main": "index.js",
    "author": "Jasan Hernández <jasan814@gmail.com>",
    "license": "MIT",
    "dependencies": {
      "colors": "^1.4.0"
    }
  }

yarn manifest: 
  No manifest

Lockfile: 
  # THIS IS AN AUTOGENERATED FILE. DO NOT EDIT THIS FILE DIRECTLY.
  # yarn lockfile v1
  
  
  colors@^1.4.0:
    version "1.4.0"
    resolved "https://registry.yarnpkg.com/colors/-/colors-1.4.0.tgz#c50491479d4c1bdaed2c9ced32cf7c7dc2360f78"
    integrity sha512-a+UqTh4kgZg/SlGvfbzDHpgRu7AAQOmmqRHJnxhRZICKFUT91brVhNNt58CMWU9PsBbv3PDCZUHbVxuDiH2mtA==
